 Beta activation of the GRPC server.

 Ansys Mechanical Enterprise Academic Research     


 *------------------------------------------------------------------*
 |                                                                  |
 |   W E L C O M E   T O   T H E   A N S Y S (R)  P R O G R A M     |
 |                                                                  |
 *------------------------------------------------------------------*




 ***************************************************************
 *            ANSYS 2021 R2          LEGAL NOTICES             *
 ***************************************************************
 *                                                             *
 * Copyright 1971-2021 ANSYS, Inc.  All rights reserved.       *
 * Unauthorized use, distribution or duplication is            *
 * prohibited.                                                 *
 *                                                             *
 * Ansys is a registered trademark of ANSYS, Inc. or its       *
 * subsidiaries in the United States or other countries.       *
 * See the ANSYS, Inc. online documentation or the ANSYS, Inc. *
 * documentation CD or online help for the complete Legal      *
 * Notice.                                                     *
 *                                                             *
 ***************************************************************
 *                                                             *
 * THIS ANSYS SOFTWARE PRODUCT AND PROGRAM DOCUMENTATION       *
 * INCLUDE TRADE SECRETS AND CONFIDENTIAL AND PROPRIETARY      *
 * PRODUCTS OF ANSYS, INC., ITS SUBSIDIARIES, OR LICENSORS.    *
 * The software products and documentation are furnished by    *
 * ANSYS, Inc. or its subsidiaries under a software license    *
 * agreement that contains provisions concerning               *
 * non-disclosure, copying, length and nature of use,          *
 * compliance with exporting laws, warranties, disclaimers,    *
 * limitations of liability, and remedies, and other           *
 * provisions.  The software products and documentation may be *
 * used, disclosed, transferred, or copied only in accordance  *
 * with the terms and conditions of that software license      *
 * agreement.                                                  *
 *                                                             *
 * ANSYS, Inc. is a UL registered                              *
 * ISO 9001:2015 company.                                      *
 *                                                             *
 ***************************************************************
 *                                                             *
 * This product is subject to U.S. laws governing export and   *
 * re-export.                                                  *
 *                                                             *
 * For U.S. Government users, except as specifically granted   *
 * by the ANSYS, Inc. software license agreement, the use,     *
 * duplication, or disclosure by the United States Government  *
 * is subject to restrictions stated in the ANSYS, Inc.        *
 * software license agreement and FAR 12.212 (for non-DOD      *
 * licenses).                                                  *
 *                                                             *
 ***************************************************************

 2021 R2 
     
 Point Releases and Patches installed:   
     
 ANSYS, Inc. Products 2021 R2
 SpaceClaim 2021 R2  
 Discovery 2021 R2   
 Autodyn 2021 R2 
 LS-DYNA 2021 R2 
 Additive 2021 R2
 Customization Files for User Programmable Features 2021 R2  
 Mechanical Products 2021 R2 
 Remote Solve Manager Standalone Services 2021 R2
 Viewer 2021 R2  
 ACIS Geometry Interface 2021 R2 
 AutoCAD Geometry Interface 2021 R2  
 Catia, Version 4 Geometry Interface 2021 R2 
 Catia, Version 5 Geometry Interface 2021 R2 
 Catia, Version 6 Geometry Interface 2021 R2 
 Creo Elements/Direct Modeling Geometry Interface 2021 R2
 Creo Parametric Geometry Interface 2021 R2  
 Inventor Geometry Interface 2021 R2 
 JTOpen Geometry Interface 2021 R2   
 NX Geometry Interface 2021 R2   
 Parasolid Geometry Interface  2021 R2   
 Solid Edge Geometry Interface 2021 R2   
 SOLIDWORKS Geometry Interface 2021 R2   
 ANSYS, Inc. License Manager 2021 R2 


          *****  ANSYS COMMAND LINE ARGUMENTS  *****
  INITIAL JOBNAME              = basic_beam                                                                                                                                                                                                                                              
  BATCH MODE REQUESTED (-b)    = LIST
  INPUT FILE COPY MODE (-c)    = COPY
  MPI OPTION                   = MSMPI   
  INPUT FILE NAME              = c:\Users\eoinl\ThesisCode\Thesis\APDL\.__tmp__.inp
  OUTPUT FILE NAME             = c:\Users\eoinl\ThesisCode\Thesis\APDL\.__tmp__.out

 PARAMETER STATUS-           (   1 PARAMETERS DEFINED)

 NAME                              VALUE                        TYPE
 PORT                              50052.0000                    SCALAR

 RELEASE= 2021 R2              BUILD= 21.2      UP20210601   VERSION=WINDOWS x64 
 CURRENT JOBNAME=basic_beam0  22:30:26  MAY 21, 2023 CP=      0.094

     1  FINISH 

 RUN SETUP PROCEDURE FROM FILE= C:\Program Files\ANSYS Inc\v212\ANSYS\apdl\start.ans
 Start GRPC Server

 ##############################
 ### START GRPC SERVER      ###
 ##############################

 Server Executable   : MapdlGrpc.Server
 Server listening on : 0.0.0.0:50052

 *** WARNING ***                         CP =       0.094   TIME= 22:30:42
 Altering the abort level key is not recommended.                        


 NUMBER OF DISPLAYED ERRORS ALLOWED PER COMMAND=                200
 NUMBER OF ERRORS ALLOWED PER COMMAND BEFORE ANSYS ABORT=     10000
 ABORT LEVEL KEY= -1
 ALL ERRORS WRITTEN TO c:\Users\eoinl\ThesisCode\Thesis\APDL\basic_beam0.err                                                                                                                                                                                                               
 DO NOT TERMINATE /INPUT UPON FIRST ERROR

 *** ANSYS - ENGINEERING ANALYSIS SYSTEM  RELEASE 2021 R2          21.2     ***
 DISTRIBUTED Ansys Mechanical Enterprise Academic Research     

 00000000  VERSION=WINDOWS x64   22:30:42  MAY 21, 2023 CP=      0.094

                                                                               




          ***** TIME-HISTORY POSTPROCESSOR (POST26) *****

 ALL POST26 SPECIFICATIONS ARE RESET TO INITIAL DEFAULTS

 *** NOTE ***                            CP =       0.094   TIME= 22:30:42
 Geometry is not available.  Issue RESUME to restore database.           

 *** NOTE ***                            CP =       0.094   TIME= 22:30:42
 Unable to open default results file basic_beam.rst                      
  Use FILE command to open a results file.                               

 *** WARNING ***                         CP =       0.094   TIME= 22:30:42
 The geometry is not available.  Issue the RESUME command to restore the 
 database.  The NUMVAR command is ignored.                               


 ***** ROUTINE COMPLETED *****  CP =         0.094



 /OUTPUT FILE= anstmp

 /OUTPUT FILE= anstmp

 /OUTPUT FILE= anstmp

 /OUTPUT FILE= anstmp

 /OUTPUT FILE= anstmp

 /OUTPUT FILE= anstmp

 /OUTPUT FILE= anstmp

 /OUTPUT FILE= anstmp

 /OUTPUT FILE= anstmp

 CLEAR ANSYS DATABASE AND RESTART

 Ansys Mechanical Enterprise Academic Research     

 /OUTPUT FILE= anstmp

 /OUTPUT FILE= anstmp

 CLEAR ANSYS DATABASE AND RESTART

 Ansys Mechanical Enterprise Academic Research     

 /OUTPUT FILE= anstmp

 /OUTPUT FILE= anstmp

 /OUTPUT FILE= anstmp

 /OUTPUT FILE= anstmp

 /OUTPUT FILE= anstmp

 /OUTPUT FILE= anstmp

 /OUTPUT FILE= anstmp

 /OUTPUT FILE= anstmp

 /OUTPUT FILE= anstmp

 CLEAR ANSYS DATABASE AND RESTART

 Ansys Mechanical Enterprise Academic Research     

 /OUTPUT FILE= anstmp

 /OUTPUT FILE= anstmp

 /OUTPUT FILE= anstmp

 /OUTPUT FILE= anstmp

 /OUTPUT FILE= anstmp

 /OUTPUT FILE= anstmp

 /OUTPUT FILE= anstmp

 /OUTPUT FILE= anstmp

 /OUTPUT FILE= anstmp

 *** NOTE ***                            CP =       0.188   TIME= 22:30:48
 The component definition of __TMP_VOLU__ contains no data.              

 DEFINITION OF COMPONENT = __TMP_VOLU__  ENTITY=VOLU

 *** NOTE ***                            CP =       0.188   TIME= 22:30:48
 The component definition of __TMP_AREA__ contains no data.              

 DEFINITION OF COMPONENT = __TMP_AREA__  ENTITY=AREA

 *** NOTE ***                            CP =       0.188   TIME= 22:30:48
 The component definition of __TMP_LINE__ contains no data.              

 DEFINITION OF COMPONENT = __TMP_LINE__  ENTITY=LINE

 NONE SELECT  FOR ITEM=VOLU COMPONENT=    
  IN RANGE         0 TO          0 STEP          1

        0 VOLUMES (OF        0  DEFINED) SELECTED BY VSEL  COMMAND.

 PARAMETER __TMPVAR__ =     1.000000000    

 /OUTPUT FILE= anstmp

 NONE SELECT  FOR ITEM=AREA COMPONENT=    
  IN RANGE         0 TO          0 STEP          1

        0 AREAS (OF        0  DEFINED) SELECTED BY ASEL  COMMAND.

 PARAMETER __TMPVAR__ =     1.000000000    

 /OUTPUT FILE= anstmp

 NONE SELECT  FOR ITEM=LINE COMPONENT=    
  IN RANGE         0 TO          0 STEP          1

        0 LINES (OF        0  DEFINED) SELECTED BY LSEL  COMMAND.

 PARAMETER __TMPVAR__ =     1.000000000    

 /OUTPUT FILE= anstmp

 /OUTPUT FILE= anstmp

 /OUTPUT FILE= anstmp

 SELECT      COMPONENT __TMP_VOLU__                    

 SELECT      COMPONENT __TMP_AREA__                    

 SELECT      COMPONENT __TMP_LINE__                    

 /OUTPUT FILE= anstmp

 /OUTPUT FILE= anstmp

 /OUTPUT FILE= anstmp

 /OUTPUT FILE= anstmp

 /OUTPUT FILE= anstmp

 /OUTPUT FILE= anstmp

 /OUTPUT FILE= anstmp

 /OUTPUT FILE= anstmp

 /OUTPUT FILE= anstmp

 /OUTPUT FILE= anstmp

 /OUTPUT FILE= anstmp

 /OUTPUT FILE= anstmp

 /OUTPUT FILE= anstmp

 /OUTPUT FILE= anstmp

 /OUTPUT FILE= anstmp

 /OUTPUT FILE= anstmp

 /SHOW SWITCH PLOTS TO  PNG         - RASTER MODE.

 GRAPHICS FILE PIXEL RESOLUTION =   1600

 /OUTPUT FILE= anstmp

 /OUTPUT FILE= anstmp

 *** NOTE ***

  libpng version 1.0.8 - July 24, 2000
    Copyright (c) 1998-2000 Glenn Randers-Pehrson
    Copyright (c) 1996, 1997 Andreas Dilger
    Copyright (c) 1995, 1996 Guy Eric Schalnat, Group 42, Inc.

 ZLIB Version 1.2.11 Copyright (C) 1995-1998 Jean-loup Gailly and Mark Adler

 /SHOW SWITCH PLOTS TO  PNG         - RASTER MODE.

 /OUTPUT FILE= anstmp

 /OUTPUT FILE= anstmp

 /OUTPUT FILE= anstmp

 PARAMETER __TMPVAR__ =     1.000000000    

 /OUTPUT FILE= anstmp

 VECTOR GET OPERATION  _MYVGET_  VECTOR LENGTH=       4
 NAME= KP           0  KLIS      

 /OUTPUT FILE= anstmp

 /OUTPUT FILE= anstmp

 /OUTPUT FILE= anstmp

 /OUTPUT FILE= anstmp

 PARAMETER __TMPVAR__ =     1.000000000    

 /OUTPUT FILE= anstmp

 VECTOR GET OPERATION  _MYVGET_  VECTOR LENGTH=       4
 NAME= KP           0  KLIS      

 /OUTPUT FILE= anstmp

 /OUTPUT FILE= anstmp

 /OUTPUT FILE= anstmp

 /OUTPUT FILE= anstmp

 /OUTPUT FILE= anstmp

 /OUTPUT FILE= anstmp

 /OUTPUT FILE= anstmp

 /SHOW SWITCH PLOTS TO  PNG         - RASTER MODE.

 /OUTPUT FILE= anstmp

 /OUTPUT FILE= anstmp

 /OUTPUT FILE= anstmp

 /OUTPUT FILE= anstmp

 /OUTPUT FILE= anstmp

 /OUTPUT FILE= anstmp

 /OUTPUT FILE= anstmp

 /OUTPUT FILE= anstmp

 /OUTPUT FILE= anstmp

 /OUTPUT FILE= anstmp

 /OUTPUT FILE= anstmp

 /OUTPUT FILE= anstmp

 /OUTPUT FILE= anstmp

 /OUTPUT FILE= anstmp

 /OUTPUT FILE= anstmp

 /OUTPUT FILE= anstmp

 /OUTPUT FILE= anstmp

 /OUTPUT FILE= anstmp

 /SHOW SWITCH PLOTS TO  PNG         - RASTER MODE.

 /OUTPUT FILE= anstmp

 /OUTPUT FILE= anstmp

 /OUTPUT FILE= anstmp

 /OUTPUT FILE= anstmp

 /OUTPUT FILE= anstmp

 /OUTPUT FILE= anstmp

 /OUTPUT FILE= anstmp

 /OUTPUT FILE= anstmp

 /OUTPUT FILE= anstmp

 /OUTPUT FILE= anstmp

 /OUTPUT FILE= anstmp

 /OUTPUT FILE= anstmp

 /OUTPUT FILE= anstmp

 /OUTPUT FILE= anstmp

 /OUTPUT FILE= anstmp

 /OUTPUT FILE= anstmp

 /OUTPUT FILE= anstmp

 /OUTPUT FILE= anstmp

 /SHOW SWITCH PLOTS TO  PNG         - RASTER MODE.

 /OUTPUT FILE= anstmp

 /OUTPUT FILE= anstmp

 /OUTPUT FILE= anstmp

 /OUTPUT FILE= anstmp

 /OUTPUT FILE= anstmp

 /OUTPUT FILE= anstmp

 /OUTPUT FILE= anstmp

 /OUTPUT FILE= anstmp

 /OUTPUT FILE= anstmp

 /OUTPUT FILE= anstmp

 /OUTPUT FILE= anstmp

 /OUTPUT FILE= anstmp

 /OUTPUT FILE= anstmp

 /OUTPUT FILE= anstmp

 /OUTPUT FILE= anstmp

 /OUTPUT FILE= anstmp

 /OUTPUT FILE= anstmp

 /OUTPUT FILE= anstmp

 /OUTPUT FILE= anstmp

 /SHOW SWITCH PLOTS TO  PNG         - RASTER MODE.

 /OUTPUT FILE= anstmp

 /OUTPUT FILE= anstmp

 /OUTPUT FILE= anstmp

 /OUTPUT FILE= anstmp

 /OUTPUT FILE= anstmp

 /OUTPUT FILE= anstmp

 /OUTPUT FILE= anstmp

 FINISH SOLUTION PROCESSING


 ***** ROUTINE COMPLETED *****  CP =         3.562



 *** ANSYS - ENGINEERING ANALYSIS SYSTEM  RELEASE 2021 R2          21.2     ***
 DISTRIBUTED Ansys Mechanical Enterprise Academic Research     

 00000000  VERSION=WINDOWS x64   22:42:47  MAY 21, 2023 CP=      3.578

                                                                               



          ***** ANSYS RESULTS INTERPRETATION (POST1) *****

 *** NOTE ***                            CP =       3.578   TIME= 22:42:47
 Reading results into the database (SET command) will update the current 
 displacement and force boundary conditions in the database with the     
 values from the results file for that load set.  Note that any          
 subsequent solutions will use these values unless action is taken to    
 either SAVE the current values or not overwrite them (/EXIT,NOSAVE).    

 /OUTPUT FILE= anstmp

 EXIT THE ANSYS POST1 DATABASE PROCESSOR


 ***** ROUTINE COMPLETED *****  CP =         3.578



 *****  ANSYS SOLUTION ROUTINE  *****

 FINISH SOLUTION PROCESSING


 ***** ROUTINE COMPLETED *****  CP =         3.578



 *** ANSYS - ENGINEERING ANALYSIS SYSTEM  RELEASE 2021 R2          21.2     ***
 DISTRIBUTED Ansys Mechanical Enterprise Academic Research     

 00000000  VERSION=WINDOWS x64   22:42:47  MAY 21, 2023 CP=      3.578

                                                                               



          ***** ANSYS RESULTS INTERPRETATION (POST1) *****

 /OUTPUT FILE= anstmp

 EXIT THE ANSYS POST1 DATABASE PROCESSOR


 ***** ROUTINE COMPLETED *****  CP =         3.578



 *****  ANSYS SOLUTION ROUTINE  *****

 /OUTPUT FILE= anstmp

 /OUTPUT FILE= anstmp

 /OUTPUT FILE= anstmp

 /OUTPUT FILE= anstmp

 /OUTPUT FILE= anstmp

 /OUTPUT FILE= anstmp

 /OUTPUT FILE= anstmp

 FINISH SOLUTION PROCESSING


 ***** ROUTINE COMPLETED *****  CP =         3.594



 *** ANSYS - ENGINEERING ANALYSIS SYSTEM  RELEASE 2021 R2          21.2     ***
 DISTRIBUTED Ansys Mechanical Enterprise Academic Research     

 00000000  VERSION=WINDOWS x64   22:42:47  MAY 21, 2023 CP=      3.594

                                                                               



          ***** ANSYS RESULTS INTERPRETATION (POST1) *****

 /OUTPUT FILE= anstmp

 EXIT THE ANSYS POST1 DATABASE PROCESSOR


 ***** ROUTINE COMPLETED *****  CP =         3.594



 *****  ANSYS SOLUTION ROUTINE  *****

 FINISH SOLUTION PROCESSING


 ***** ROUTINE COMPLETED *****  CP =         3.594



 *** ANSYS - ENGINEERING ANALYSIS SYSTEM  RELEASE 2021 R2          21.2     ***
 DISTRIBUTED Ansys Mechanical Enterprise Academic Research     

 00000000  VERSION=WINDOWS x64   22:42:47  MAY 21, 2023 CP=      3.594

                                                                               



          ***** ANSYS RESULTS INTERPRETATION (POST1) *****

 /OUTPUT FILE= anstmp

 EXIT THE ANSYS POST1 DATABASE PROCESSOR


 ***** ROUTINE COMPLETED *****  CP =         3.594



 *****  ANSYS SOLUTION ROUTINE  *****

 /OUTPUT FILE= anstmp

 /OUTPUT FILE= anstmp

 /OUTPUT FILE= anstmp

 /OUTPUT FILE= anstmp

 FINISH SOLUTION PROCESSING


 ***** ROUTINE COMPLETED *****  CP =         3.594



 *** ANSYS - ENGINEERING ANALYSIS SYSTEM  RELEASE 2021 R2          21.2     ***
 DISTRIBUTED Ansys Mechanical Enterprise Academic Research     

 00000000  VERSION=WINDOWS x64   22:42:56  MAY 21, 2023 CP=      3.594

                                                                               



          ***** ANSYS RESULTS INTERPRETATION (POST1) *****

 /OUTPUT FILE= anstmp

 EXIT THE ANSYS POST1 DATABASE PROCESSOR


 ***** ROUTINE COMPLETED *****  CP =         3.594



 *****  ANSYS SOLUTION ROUTINE  *****

 FINISH SOLUTION PROCESSING


 ***** ROUTINE COMPLETED *****  CP =         3.594



 *** ANSYS - ENGINEERING ANALYSIS SYSTEM  RELEASE 2021 R2          21.2     ***
 DISTRIBUTED Ansys Mechanical Enterprise Academic Research     

 00000000  VERSION=WINDOWS x64   22:42:56  MAY 21, 2023 CP=      3.594

                                                                               



          ***** ANSYS RESULTS INTERPRETATION (POST1) *****

 /OUTPUT FILE= anstmp

 EXIT THE ANSYS POST1 DATABASE PROCESSOR


 ***** ROUTINE COMPLETED *****  CP =         3.594



 *****  ANSYS SOLUTION ROUTINE  *****

 /OUTPUT FILE= anstmp

 /OUTPUT FILE= anstmp

 /OUTPUT FILE= anstmp

 /OUTPUT FILE= anstmp

 /OUTPUT FILE= anstmp

 /OUTPUT FILE= anstmp

 /OUTPUT FILE= anstmp

 FINISH SOLUTION PROCESSING


 ***** ROUTINE COMPLETED *****  CP =         3.594



 *** ANSYS - ENGINEERING ANALYSIS SYSTEM  RELEASE 2021 R2          21.2     ***
 DISTRIBUTED Ansys Mechanical Enterprise Academic Research     

 00000000  VERSION=WINDOWS x64   22:42:56  MAY 21, 2023 CP=      3.594

                                                                               



          ***** ANSYS RESULTS INTERPRETATION (POST1) *****

 /OUTPUT FILE= anstmp

 EXIT THE ANSYS POST1 DATABASE PROCESSOR


 ***** ROUTINE COMPLETED *****  CP =         3.594



 *****  ANSYS SOLUTION ROUTINE  *****

 FINISH SOLUTION PROCESSING


 ***** ROUTINE COMPLETED *****  CP =         3.594



 *** ANSYS - ENGINEERING ANALYSIS SYSTEM  RELEASE 2021 R2          21.2     ***
 DISTRIBUTED Ansys Mechanical Enterprise Academic Research     

 00000000  VERSION=WINDOWS x64   22:42:56  MAY 21, 2023 CP=      3.594

                                                                               



          ***** ANSYS RESULTS INTERPRETATION (POST1) *****

 /OUTPUT FILE= anstmp

 EXIT THE ANSYS POST1 DATABASE PROCESSOR


 ***** ROUTINE COMPLETED *****  CP =         3.594



 *****  ANSYS SOLUTION ROUTINE  *****

 /OUTPUT FILE= anstmp

 /OUTPUT FILE= anstmp

 /OUTPUT FILE= anstmp

 /OUTPUT FILE= anstmp

 FINISH SOLUTION PROCESSING


 ***** ROUTINE COMPLETED *****  CP =         3.594



 *** ANSYS - ENGINEERING ANALYSIS SYSTEM  RELEASE 2021 R2          21.2     ***
 DISTRIBUTED Ansys Mechanical Enterprise Academic Research     

 00000000  VERSION=WINDOWS x64   22:43:13  MAY 21, 2023 CP=      3.594

                                                                               



          ***** ANSYS RESULTS INTERPRETATION (POST1) *****

 /OUTPUT FILE= anstmp

 EXIT THE ANSYS POST1 DATABASE PROCESSOR


 ***** ROUTINE COMPLETED *****  CP =         3.594



 *****  ANSYS SOLUTION ROUTINE  *****

 FINISH SOLUTION PROCESSING


 ***** ROUTINE COMPLETED *****  CP =         3.594



 *** ANSYS - ENGINEERING ANALYSIS SYSTEM  RELEASE 2021 R2          21.2     ***
 DISTRIBUTED Ansys Mechanical Enterprise Academic Research     

 00000000  VERSION=WINDOWS x64   22:43:13  MAY 21, 2023 CP=      3.594

                                                                               



          ***** ANSYS RESULTS INTERPRETATION (POST1) *****

 /OUTPUT FILE= anstmp

 EXIT THE ANSYS POST1 DATABASE PROCESSOR


 ***** ROUTINE COMPLETED *****  CP =         3.594



 *****  ANSYS SOLUTION ROUTINE  *****

 /OUTPUT FILE= anstmp

 /OUTPUT FILE= anstmp

 /OUTPUT FILE= anstmp

 /OUTPUT FILE= anstmp

 /OUTPUT FILE= anstmp

 /OUTPUT FILE= anstmp

 /OUTPUT FILE= anstmp

 FINISH SOLUTION PROCESSING


 ***** ROUTINE COMPLETED *****  CP =         3.594



 *** ANSYS - ENGINEERING ANALYSIS SYSTEM  RELEASE 2021 R2          21.2     ***
 DISTRIBUTED Ansys Mechanical Enterprise Academic Research     

 00000000  VERSION=WINDOWS x64   22:43:13  MAY 21, 2023 CP=      3.594

                                                                               



          ***** ANSYS RESULTS INTERPRETATION (POST1) *****

 /OUTPUT FILE= anstmp

 EXIT THE ANSYS POST1 DATABASE PROCESSOR


 ***** ROUTINE COMPLETED *****  CP =         3.594



 *****  ANSYS SOLUTION ROUTINE  *****

 FINISH SOLUTION PROCESSING


 ***** ROUTINE COMPLETED *****  CP =         3.594



 *** ANSYS - ENGINEERING ANALYSIS SYSTEM  RELEASE 2021 R2          21.2     ***
 DISTRIBUTED Ansys Mechanical Enterprise Academic Research     

 00000000  VERSION=WINDOWS x64   22:43:13  MAY 21, 2023 CP=      3.594

                                                                               



          ***** ANSYS RESULTS INTERPRETATION (POST1) *****

 /OUTPUT FILE= anstmp

 EXIT THE ANSYS POST1 DATABASE PROCESSOR


 ***** ROUTINE COMPLETED *****  CP =         3.594



 *****  ANSYS SOLUTION ROUTINE  *****

 /OUTPUT FILE= anstmp

 /OUTPUT FILE= anstmp

 /OUTPUT FILE= anstmp

 /OUTPUT FILE= anstmp

 /OUTPUT FILE= anstmp

 /OUTPUT FILE= anstmp

 /OUTPUT FILE= anstmp

 /OUTPUT FILE= anstmp

 /OUTPUT FILE= anstmp

 /OUTPUT FILE= anstmp

 /OUTPUT FILE= anstmp

 /OUTPUT FILE= anstmp

 /OUTPUT FILE= anstmp

 /OUTPUT FILE= anstmp

 /OUTPUT FILE= anstmp

 /OUTPUT FILE= anstmp

 /OUTPUT FILE= anstmp

 /OUTPUT FILE= anstmp

 /OUTPUT FILE= anstmp

 /OUTPUT FILE= anstmp

 *** IMPORTANT LICENSING MESSAGE ***

 WARNING:

 2023/05/22 20:10:58
 License server lost for 5 minutes.  Please save your work.

 License server will time out in 55 minutes if not reconnected before.

 Licensing path:
         ANSYSLI_SERVERS: 28040@ansys.lic.tudelft.nl 
         FLEXlm Servers: 27002@ansys.lic.tudelft.nl

 *** IMPORTANT LICENSING MESSAGE ***

 WARNING:

 2023/05/22 20:16:58
 License server lost for 10 minutes.  Please save your work.

 License server will time out in 50 minutes if not reconnected before.

 Licensing path:
         ANSYSLI_SERVERS: 28040@ansys.lic.tudelft.nl 
         FLEXlm Servers: 27002@ansys.lic.tudelft.nl

 *** IMPORTANT LICENSING MESSAGE ***

 WARNING:

 2023/05/22 20:22:58
 License server lost for 15 minutes.  Please save your work.

 License server will time out in 45 minutes if not reconnected before.

 Licensing path:
         ANSYSLI_SERVERS: 28040@ansys.lic.tudelft.nl 
         FLEXlm Servers: 27002@ansys.lic.tudelft.nl

 *** IMPORTANT LICENSING MESSAGE ***

 WARNING:

 2023/05/22 20:28:59
 License server lost for 20 minutes.  Please save your work.

 License server will time out in 40 minutes if not reconnected before.

 Licensing path:
         ANSYSLI_SERVERS: 28040@ansys.lic.tudelft.nl 
         FLEXlm Servers: 27002@ansys.lic.tudelft.nl

 *** IMPORTANT LICENSING MESSAGE ***

 WARNING:

 2023/05/22 20:34:58
 License server lost for 25 minutes.  Please save your work.

 License server will time out in 35 minutes if not reconnected before.

 Licensing path:
         ANSYSLI_SERVERS: 28040@ansys.lic.tudelft.nl 
         FLEXlm Servers: 27002@ansys.lic.tudelft.nl

 *** IMPORTANT LICENSING MESSAGE ***

 WARNING:

 2023/05/22 20:40:57
 License server lost for 30 minutes.  Please save your work.

 License server will time out in 30 minutes if not reconnected before.

 Licensing path:
         ANSYSLI_SERVERS: 28040@ansys.lic.tudelft.nl 
         FLEXlm Servers: 27002@ansys.lic.tudelft.nl

 *** IMPORTANT LICENSING MESSAGE ***

 WARNING:

 2023/05/22 20:46:57
 License server lost for 35 minutes.  Please save your work.

 License server will time out in 25 minutes if not reconnected before.

 Licensing path:
         ANSYSLI_SERVERS: 28040@ansys.lic.tudelft.nl 
         FLEXlm Servers: 27002@ansys.lic.tudelft.nl

 *** IMPORTANT LICENSING MESSAGE ***

 WARNING:

 2023/05/22 20:52:58
 License server lost for 40 minutes.  Please save your work.

 License server will time out in 20 minutes if not reconnected before.

 Licensing path:
         ANSYSLI_SERVERS: 28040@ansys.lic.tudelft.nl 
         FLEXlm Servers: 27002@ansys.lic.tudelft.nl

 *** IMPORTANT LICENSING MESSAGE ***

 WARNING:

 2023/05/22 20:58:58
 License server lost for 45 minutes.  Please save your work.

 License server will time out in 15 minutes if not reconnected before.

 Licensing path:
         ANSYSLI_SERVERS: 28040@ansys.lic.tudelft.nl 
         FLEXlm Servers: 27002@ansys.lic.tudelft.nl

 *** IMPORTANT LICENSING MESSAGE ***

 WARNING:

 2023/05/22 21:04:57
 License server lost for 50 minutes.  Please save your work.

 License server will time out in 10 minutes if not reconnected before.

 Licensing path:
         ANSYSLI_SERVERS: 28040@ansys.lic.tudelft.nl 
         FLEXlm Servers: 27002@ansys.lic.tudelft.nl

 *** IMPORTANT LICENSING MESSAGE ***

 WARNING:

 2023/05/22 21:10:57
 License server lost for 55 minutes.  Please save your work.

 License server will time out in 5 minutes if not reconnected before.

 Licensing path:
         ANSYSLI_SERVERS: 28040@ansys.lic.tudelft.nl 
         FLEXlm Servers: 27002@ansys.lic.tudelft.nl

 *** IMPORTANT LICENSING MESSAGE ***

 WARNING:

 2023/05/22 21:16:57
 License server lost for 60 minutes.  Please save your work.

 Licensing path:
         ANSYSLI_SERVERS: 28040@ansys.lic.tudelft.nl 
         FLEXlm Servers: 27002@ansys.lic.tudelft.nl

 *** IMPORTANT LICENSING MESSAGE ***

 WARNING:

 2023/05/22 21:22:57
 License server lost for 65 minutes.  Please save your work.

 Licensing path:
         ANSYSLI_SERVERS: 28040@ansys.lic.tudelft.nl 
         FLEXlm Servers: 27002@ansys.lic.tudelft.nl

 *** IMPORTANT LICENSING MESSAGE ***

 WARNING:

 2023/05/22 21:28:58
 License server lost for 70 minutes.  Please save your work.

 Licensing path:
         ANSYSLI_SERVERS: 28040@ansys.lic.tudelft.nl 
         FLEXlm Servers: 27002@ansys.lic.tudelft.nl

 *** IMPORTANT LICENSING MESSAGE ***

 ERROR:
 Feature Ansys Mechanical Enterprise timed out. 
     ANSYSLI_SERVERS: 28040@ansys.lic.tudelft.nl 
     FLEXlm Servers: 27002@ansys.lic.tudelft.nl
 Exiting... 

 /OUTPUT FILE= anstmp

 CLEAR ANSYS DATABASE AND RESTART

 Ansys Mechanical Enterprise                       

 /OUTPUT FILE= anstmp

 /OUTPUT FILE= anstmp

 /OUTPUT FILE= anstmp

 /OUTPUT FILE= anstmp

 /OUTPUT FILE= anstmp

 /OUTPUT FILE= anstmp

 /OUTPUT FILE= anstmp

 PURGE ALL SOLUTION AND POST DATA
 SAVE ALL MODEL DATA

 ALL CURRENT ANSYS DATA WRITTEN TO FILE NAME= basic_beam.db
  FOR POSSIBLE RESUME FROM THIS POINT


 NUMBER OF WARNING MESSAGES ENCOUNTERED=         16
 NUMBER OF ERROR   MESSAGES ENCOUNTERED=         22
